[2022-09-28 02:29:31] [1] [WARN] Reporting disabled: using no op test run registrar
[2022-09-28 02:29:31] [1] [INFO] TEST [project0 - openCloseChomeTest] STARTED at [23:29:31 2022-09-27]
[2022-09-28 02:29:31] [1] [INFO] Starting driver session...
[2022-09-28 02:29:31] [1] [ERROR] TEST [project0 - openCloseChomeTest] FAILED at [23:29:31 2022-09-27] - Could not start a new session. Possible causes are invalid address of the remote server or browser start-up failure.
Build info: version: '3.141.59', revision: 'e82be7d358', time: '2018-11-14T08:17:03'
System info: host: 'Carloss-MacBook-Pro.local', ip: 'fe80:0:0:0:1cd3:28d5:2572:1e15%en0', os.name: 'Mac OS X', os.arch: 'aarch64', os.version: '12.6', java.version: '18.0.1'
Driver info: driver.version: RemoteWebDriver

org.openqa.selenium.remote.RemoteWebDriver.execute(RemoteWebDriver.java:573)
org.openqa.selenium.remote.RemoteWebDriver.startSession(RemoteWebDriver.java:213)
org.openqa.selenium.remote.RemoteWebDriver.<init>(RemoteWebDriver.java:131)
com.qaprosoft.carina.core.foundation.webdriver.core.factory.impl.DesktopFactory.create(DesktopFactory.java:74)
com.qaprosoft.carina.core.foundation.webdriver.core.factory.DriverFactory.create(DriverFactory.java:79)
com.qaprosoft.carina.core.foundation.webdriver.IDriverPool.createDriver(IDriverPool.java:406)
com.qaprosoft.carina.core.foundation.webdriver.IDriverPool.getDriver(IDriverPool.java:129)
com.qaprosoft.carina.core.foundation.webdriver.IDriverPool.getDriver(IDriverPool.java:85)
com.qaprosoft.carina.core.foundation.webdriver.IDriverPool.getDriver(IDriverPool.java:72)
com.ccristaldo.carina.demo.Tc001.openCloseChomeTest(Tc001.java:13)
java.base/jdk.internal.reflect.DirectMethodHandleAccessor.invoke(DirectMethodHandleAccessor.java:104)
java.base/java.lang.reflect.Method.invoke(Method.java:577)
org.testng.internal.invokers.MethodInvocationHelper.invokeMethod(MethodInvocationHelper.java:135)
org.testng.internal.invokers.TestInvoker.invokeMethod(TestInvoker.java:673)
org.testng.internal.invokers.TestInvoker.invokeTestMethod(TestInvoker.java:220)
org.testng.internal.invokers.MethodRunner.runInSequence(MethodRunner.java:50)
org.testng.internal.invokers.TestInvoker$MethodInvocationAgent.invoke(TestInvoker.java:945)
org.testng.internal.invokers.TestInvoker.invokeTestMethods(TestInvoker.java:193)
org.testng.internal.invokers.TestMethodWorker.invokeTestMethods(TestMethodWorker.java:146)
org.testng.internal.invokers.TestMethodWorker.run(TestMethodWorker.java:128)
java.base/java.util.ArrayList.forEach(ArrayList.java:1511)
org.testng.TestRunner.privateRun(TestRunner.java:808)
org.testng.TestRunner.run(TestRunner.java:603)
org.testng.SuiteRunner.runTest(SuiteRunner.java:429)
org.testng.SuiteRunner.runSequentially(SuiteRunner.java:423)
org.testng.SuiteRunner.privateRun(SuiteRunner.java:383)
org.testng.SuiteRunner.run(SuiteRunner.java:326)
org.testng.SuiteRunnerWorker.runSuite(SuiteRunnerWorker.java:52)
org.testng.SuiteRunnerWorker.run(SuiteRunnerWorker.java:95)
org.testng.TestNG.runSuitesSequentially(TestNG.java:1249)
org.testng.TestNG.runSuitesLocally(TestNG.java:1169)
org.testng.TestNG.runSuites(TestNG.java:1092)
org.testng.TestNG.run(TestNG.java:1060)
com.intellij.rt.testng.IDEARemoteTestNG.run(IDEARemoteTestNG.java:66)
com.intellij.rt.testng.RemoteTestNGStarter.main(RemoteTestNGStarter.java:109)
